

Started GET "/" for 127.0.0.1 at 2014-10-18 21:57:07 -0700
Processing by Rails::WelcomeController#index as HTML
  Rendered /Users/jessicard/.rbenv/versions/2.1.1/lib/ruby/gems/2.1.0/gems/railties-4.1.1/lib/rails/templates/rails/welcome/index.html.erb (2.2ms)
Completed 200 OK in 18ms (Views: 10.0ms | ActiveRecord: 0.0ms)


Started GET "/" for 127.0.0.1 at 2014-10-18 22:01:03 -0700
Processing by NamesController#new as HTML
  Rendered names/new.html.erb (0.8ms)
Completed 200 OK in 12ms (Views: 4.7ms | ActiveRecord: 0.0ms)


Started GET "/" for 127.0.0.1 at 2014-10-18 22:01:42 -0700
Processing by NamesController#new as HTML
  Rendered names/new.html.erb (0.0ms)
Completed 200 OK in 2ms (Views: 1.4ms | ActiveRecord: 0.0ms)


Started GET "/" for 127.0.0.1 at 2014-10-18 22:01:46 -0700
Processing by NamesController#new as HTML
  Rendered names/new.html.erb (0.0ms)
Completed 200 OK in 1ms (Views: 1.0ms | ActiveRecord: 0.0ms)


Started GET "/" for 127.0.0.1 at 2014-10-18 22:02:50 -0700
Processing by NamesController#new as HTML
  Rendered names/new.html.erb (0.3ms)
Completed 200 OK in 2ms (Views: 1.6ms | ActiveRecord: 0.0ms)


Started GET "/" for 127.0.0.1 at 2014-10-18 22:03:51 -0700
Processing by NamesController#new as HTML
  Rendered names/new.html.erb (0.3ms)
Completed 200 OK in 2ms (Views: 1.4ms | ActiveRecord: 0.0ms)


Started GET "/" for 127.0.0.1 at 2014-10-18 22:05:16 -0700
Processing by NamesController#new as HTML
  Rendered names/new.html.erb (0.0ms)
Completed 200 OK in 2ms (Views: 1.2ms | ActiveRecord: 0.0ms)


Started GET "/" for 127.0.0.1 at 2014-10-18 22:05:45 -0700
Processing by NamesController#new as HTML
  Rendered names/new.html.erb (0.2ms)
Completed 200 OK in 2ms (Views: 1.4ms | ActiveRecord: 0.0ms)


Started GET "/" for 127.0.0.1 at 2014-10-18 22:05:47 -0700
Processing by NamesController#new as HTML
  Rendered names/new.html.erb (0.0ms)
Completed 200 OK in 2ms (Views: 1.2ms | ActiveRecord: 0.0ms)


Started GET "/" for 127.0.0.1 at 2014-10-18 22:08:06 -0700
Processing by NamesController#new as HTML
  Rendered names/new.html.erb (0.0ms)
Completed 200 OK in 1ms (Views: 1.2ms | ActiveRecord: 0.0ms)


Started GET "/" for 127.0.0.1 at 2014-10-18 22:09:33 -0700
Processing by NamesController#new as HTML
  Rendered names/new.html.erb (0.2ms)
Completed 200 OK in 2ms (Views: 1.4ms | ActiveRecord: 0.0ms)


Started GET "/" for 127.0.0.1 at 2014-10-18 22:09:39 -0700
Processing by NamesController#new as HTML
  Rendered names/new.html.erb (0.3ms)
Completed 200 OK in 2ms (Views: 1.4ms | ActiveRecord: 0.0ms)


Started GET "/" for 127.0.0.1 at 2014-10-18 22:10:36 -0700
Processing by NamesController#new as HTML
  Rendered names/new.html.erb (0.0ms)
Completed 200 OK in 1ms (Views: 1.1ms | ActiveRecord: 0.0ms)


Started GET "/" for 127.0.0.1 at 2014-10-18 22:10:58 -0700
Processing by NamesController#new as HTML
  Rendered names/new.html.erb (0.0ms)
Completed 200 OK in 1ms (Views: 1.1ms | ActiveRecord: 0.0ms)


Started GET "/" for 127.0.0.1 at 2014-10-18 22:11:02 -0700
Processing by NamesController#new as HTML
  Rendered names/new.html.erb (0.1ms)
Completed 200 OK in 2ms (Views: 1.6ms | ActiveRecord: 0.0ms)
